
Showing logs for build [32mcb-kubecd-environment-pr-199-10-tgdd5-1[0m stage [32mfrom-build-pack[0m and container [32mstep-credential-initializer-98m5d[0m
{"level":"warn","ts":1586717008.798247,"logger":"fallback-logger","caller":"logging/config.go:69","msg":"Fetch GitHub commit ID from kodata failed: \"ref: refs/heads/0.8.0-**-support-backwards-incompats\" is not a valid GitHub commit ID"}
{"level":"info","ts":1586717008.7988856,"logger":"fallback-logger","caller":"creds-init/main.go:40","msg":"Credentials initialized."}

Showing logs for build [32mcb-kubecd-environment-pr-199-10-tgdd5-1[0m stage [32mfrom-build-pack[0m and container [32mstep-working-dir-initializer-r2spj[0m
{"level":"warn","ts":1586717009.8136725,"logger":"fallback-logger","caller":"logging/config.go:69","msg":"Fetch GitHub commit ID from kodata failed: open /var/run/ko/HEAD: no such file or directory"}
{"level":"info","ts":1586717009.8163295,"logger":"fallback-logger","caller":"bash/main.go:64","msg":"Successfully executed command \"sh -c mkdir -p /workspace/source\"; output "}

Showing logs for build [32mcb-kubecd-environment-pr-199-10-tgdd5-1[0m stage [32mfrom-build-pack[0m and container [32mstep-place-tools[0m

Showing logs for build [32mcb-kubecd-environment-pr-199-10-tgdd5-1[0m stage [32mfrom-build-pack[0m and container [32mstep-git-source-cb-kubecd-environment-pr-199-10-tgdd5-n94w4[0m
{"level":"warn","ts":1586717014.8975306,"logger":"fallback-logger","caller":"logging/config.go:69","msg":"Fetch GitHub commit ID from kodata failed: \"ref: refs/heads/0.8.0-**-support-backwards-incompats\" is not a valid GitHub commit ID"}
{"level":"info","ts":1586717015.9360018,"logger":"fallback-logger","caller":"git/git.go:103","msg":"Successfully cloned https://github.com/cb-kubecd/environment-pr-199-101-boot-gke-production.git @ master in path /workspace/source"}

Showing logs for build [32mcb-kubecd-environment-pr-199-10-tgdd5-1[0m stage [32mfrom-build-pack[0m and container [32mstep-git-merge[0m
Using SHAs from PULL_REFS=master:2c181f10789f9cedb27f31ea64a21cee88bc27db,1:6534894c40e9dcaf567715bf10cd70011968c2e3
DEBUG: LC_ALL=C JX_LOG_LEVEL=error git fetch origin --unshallow 6534894c40e9dcaf567715bf10cd70011968c2e3: 2c181f10789f9cedb27f31ea64a21cee88bc27db:
DEBUG: ran git fetch --unshallow origin 6534894c40e9dcaf567715bf10cd70011968c2e3: 2c181f10789f9cedb27f31ea64a21cee88bc27db: in 
DEBUG: LC_ALL=C JX_LOG_LEVEL=error git branch
DEBUG: LC_ALL=C JX_LOG_LEVEL=error git checkout master
DEBUG: ran git checkout master in 
DEBUG: LC_ALL=C JX_LOG_LEVEL=error git reset --hard 2c181f10789f9cedb27f31ea64a21cee88bc27db
DEBUG: ran git reset --hard 2c181f10789f9cedb27f31ea64a21cee88bc27db in 
DEBUG: LC_ALL=C JX_LOG_LEVEL=error git clean -fd .
DEBUG: ran clean --force -d . in 
DEBUG: LC_ALL=C JX_LOG_LEVEL=error git merge 6534894c40e9dcaf567715bf10cd70011968c2e3
DEBUG: ran git merge 6534894c40e9dcaf567715bf10cd70011968c2e3 in 
DEBUG: LC_ALL=C JX_LOG_LEVEL=error git log --format=%H%x1f%an%x1f%ae%x1f%cn%x1f%ce%x1f%s%n%b%x1e 2c181f10789f9cedb27f31ea64a21cee88bc27db..HEAD
Merged SHA 6534894c40e9dcaf567715bf10cd70011968c2e3 with commit message 'chore: Promote bdd-spring-1586716054 to version 0.0.1' into base branch master

Showing logs for build [32mcb-kubecd-environment-pr-199-10-tgdd5-1[0m stage [32mfrom-build-pack[0m and container [32mstep-build-helm-build[0m
WARNING: No $CHART_REPOSITORY defined so using the default value of: http://jenkins-x-chartmuseum:8080
Adding missing Helm repo: storage.googleapis.com https://storage.googleapis.com/chartmuseum.jenkins-x.io
WARNING: No secrets found on "helm/repos" due: reading the secret "helm/repos" from vault: no secret "helm/repos" not found in vault
Read credentials for https://storage.googleapis.com/chartmuseum.jenkins-x.io from vault helm/repos
Successfully added Helm repository storage.googleapis.com.
Adding missing Helm repo: jenkins-x-chartmuseum http://jenkins-x-chartmuseum:8080
WARNING: No secrets found on "helm/repos" due: reading the secret "helm/repos" from vault: no secret "helm/repos" not found in vault
Read credentials for http://jenkins-x-chartmuseum:8080 from vault helm/repos
Successfully added Helm repository jenkins-x-chartmuseum.
WARNING: No $CHART_REPOSITORY defined so using the default value of: http://jenkins-x-chartmuseum:8080
Adding missing Helm repo: chartmuseum.jenkins-x.io http://chartmuseum.jenkins-x.io
WARNING: No secrets found on "helm/repos" due: reading the secret "helm/repos" from vault: no secret "helm/repos" not found in vault
Read credentials for http://chartmuseum.jenkins-x.io from vault helm/repos
Successfully added Helm repository chartmuseum.jenkins-x.io.
